\BOOKMARK [0][-]{Doc-Start}{\376\377\000A\000b\000s\000t\000r\000a\000c\000t}{}% 1
\BOOKMARK [0][-]{chapter*.1}{\376\377\000L\000i\000s\000t\000\040\000o\000f\000\040\000F\000i\000g\000u\000r\000e\000s}{}% 2
\BOOKMARK [0][-]{chapter*.2}{\376\377\000L\000i\000s\000t\000\040\000o\000f\000\040\000T\000a\000b\000l\000e\000s}{}% 3
\BOOKMARK [0][-]{chapter*.3}{\376\377\000L\000i\000s\000t\000\040\000o\000f\000\040\000A\000b\000b\000r\000e\000v\000i\000a\000t\000i\000o\000n\000s}{}% 4
\BOOKMARK [0][-]{chapter*.3}{\376\377\000A\000c\000k\000n\000o\000w\000l\000e\000d\000g\000m\000e\000n\000t\000s}{}% 5
\BOOKMARK [0][-]{chapter*.3}{\376\377\000D\000e\000d\000i\000c\000a\000t\000i\000o\000n}{}% 6
\BOOKMARK [0][-]{chapter.1}{\376\377\000I\000n\000t\000r\000o\000d\000u\000c\000t\000i\000o\000n}{}% 7
\BOOKMARK [1][-]{section.1.1}{\376\377\000T\000h\000e\000\040\000S\000u\000n}{chapter.1}% 8
\BOOKMARK [1][-]{section.1.2}{\376\377\000T\000h\000e\000\040\000S\000o\000l\000a\000r\000\040\000I\000n\000t\000e\000r\000i\000o\000r}{chapter.1}% 9
\BOOKMARK [1][-]{section.1.3}{\376\377\000T\000h\000e\000\040\000S\000o\000l\000a\000r\000\040\000A\000t\000m\000o\000s\000p\000h\000e\000r\000e}{chapter.1}% 10
\BOOKMARK [2][-]{subsection.1.3.1}{\376\377\000T\000h\000e\000\040\000P\000h\000o\000t\000o\000s\000p\000h\000e\000r\000e}{section.1.3}% 11
\BOOKMARK [2][-]{subsection.1.3.2}{\376\377\000T\000h\000e\000\040\000C\000h\000r\000o\000m\000o\000s\000p\000h\000e\000r\000e}{section.1.3}% 12
\BOOKMARK [2][-]{subsection.1.3.3}{\376\377\000T\000h\000e\000\040\000T\000r\000a\000n\000s\000i\000t\000i\000o\000n\000\040\000R\000e\000g\000i\000o\000n}{section.1.3}% 13
\BOOKMARK [2][-]{subsection.1.3.4}{\376\377\000T\000h\000e\000\040\000C\000o\000r\000o\000n\000a}{section.1.3}% 14
\BOOKMARK [1][-]{section.1.4}{\376\377\000S\000o\000l\000a\000r\000\040\000F\000l\000a\000r\000e\000s}{chapter.1}% 15
\BOOKMARK [2][-]{subsection.1.4.1}{\376\377\000B\000r\000i\000e\000f\000\040\000h\000i\000s\000t\000o\000r\000y\000\040\000o\000f\000\040\000f\000l\000a\000r\000e\000\040\000o\000b\000s\000e\000r\000v\000a\000t\000i\000o\000n}{section.1.4}% 16
\BOOKMARK [2][-]{subsection.1.4.2}{\376\377\000`\000`\000S\000t\000a\000n\000d\000a\000r\000d\000'\000'\000\040\000m\000o\000d\000e\000l\000\040\000o\000f\000\040\000s\000o\000l\000a\000r\000\040\000f\000l\000a\000r\000e}{section.1.4}% 17
\BOOKMARK [1][-]{section.1.5}{\376\377\000M\000o\000t\000i\000v\000a\000t\000i\000o\000n\000\040\000o\000f\000\040\000t\000h\000e\000\040\000t\000h\000e\000s\000i\000s\000:\000\040\000t\000h\000e\000\040\000e\000n\000e\000r\000g\000e\000t\000i\000c\000s\000\040\000o\000f\000\040\000s\000o\000l\000a\000r\000\040\000f\000l\000a\000r\000e\000s}{chapter.1}% 18
\BOOKMARK [1][-]{section.1.6}{\376\377\000O\000u\000t\000l\000i\000n\000e\000\040\000o\000f\000\040\000T\000h\000e\000s\000i\000s}{chapter.1}% 19
\BOOKMARK [0][-]{chapter.2}{\376\377\000E\000x\000i\000s\000t\000i\000n\000g\000\040\000S\000o\000l\000a\000r\000\040\000O\000b\000s\000e\000r\000v\000a\000t\000i\000o\000n\000s\000\040\000a\000n\000d\000\040\000T\000e\000c\000h\000n\000i\000q\000u\000e\000s\000:\000\040\000A\000\040\000b\000r\000i\000d\000g\000e\000\040\000t\000o\000w\000a\000r\000d\000s\000\040\000S\000o\000l\000a\000r\000\040\000U\000l\000t\000r\000a\000v\000i\000o\000l\000e\000t\000\040\000I\000m\000a\000g\000i\000n\000g\000\040\000T\000e\000l\000e\000s\000c\000o\000p\000e}{}% 20
\BOOKMARK [1][-]{section.2.1}{\376\377\000S\000o\000l\000a\000r\000\040\000D\000y\000n\000a\000m\000i\000c\000s\000\040\000O\000b\000s\000e\000r\000v\000a\000t\000o\000r\000y}{chapter.2}% 21
\BOOKMARK [1][-]{section.2.2}{\376\377\000I\000n\000t\000e\000r\000f\000a\000c\000e\000\040\000R\000e\000g\000i\000o\000n\000\040\000I\000m\000a\000g\000i\000n\000g\000\040\000S\000p\000e\000c\000t\000r\000o\000g\000r\000a\000p\000h\000\040\000\050\000I\000R\000I\000S\000\051}{chapter.2}% 22
\BOOKMARK [1][-]{section.2.3}{\376\377\000S\000p\000e\000c\000t\000r\000o\000m\000e\000t\000e\000r\000/\000T\000e\000l\000e\000s\000c\000o\000p\000e\000\040\000f\000o\000r\000\040\000I\000m\000a\000g\000i\000n\000g\000\040\000X\000-\000r\000a\000y\000s\000\040\000\050\000S\000T\000I\000X\000\051}{chapter.2}% 23
\BOOKMARK [1][-]{section.2.4}{\376\377\000E\000x\000t\000r\000e\000m\000e\000\040\000U\000l\000t\000r\000a\000v\000i\000o\000l\000e\000t\000\040\000I\000m\000a\000g\000e\000r\000\040\000\050\000E\000U\000V\000I\000\051}{chapter.2}% 24
\BOOKMARK [1][-]{section.2.5}{\376\377\000X\000-\000R\000a\000y\000\040\000T\000e\000l\000e\000s\000c\000o\000p\000e\000\040\000\050\000X\000R\000T\000\051}{chapter.2}% 25
\BOOKMARK [1][-]{section.2.6}{\376\377\000G\000e\000o\000s\000t\000a\000t\000i\000o\000n\000a\000r\000y\000\040\000O\000p\000e\000r\000a\000t\000i\000o\000n\000a\000l\000\040\000E\000n\000v\000i\000r\000o\000n\000m\000e\000n\000t\000a\000l\000\040\000S\000a\000t\000e\000l\000l\000i\000t\000e\000s\000\040\000\050\000G\000O\000E\000S\000\051}{chapter.2}% 26
\BOOKMARK [1][-]{section.2.7}{\376\377\000T\000e\000c\000h\000n\000i\000q\000u\000e\000s\000\040\000f\000o\000r\000\040\000A\000s\000t\000r\000o\000p\000h\000y\000s\000i\000c\000a\000l\000\040\000P\000l\000a\000s\000m\000a\000\040\000D\000i\000a\000g\000n\000o\000s\000t\000i\000c}{chapter.2}% 27
\BOOKMARK [2][-]{subsection.2.7.1}{\376\377\000D\000i\000f\000f\000e\000r\000e\000n\000t\000i\000a\000l\000\040\000E\000m\000i\000s\000s\000i\000o\000n\000\040\000M\000e\000a\000s\000u\000r\000e\000\040\000a\000n\000d\000\040\000T\000h\000e\000r\000m\000a\000l\000\040\000P\000r\000o\000p\000e\000r\000t\000i\000e\000s\000\040\000o\000f\000\040\000t\000h\000e\000\040\000P\000l\000a\000s\000m\000a}{section.2.7}% 28
\BOOKMARK [2][-]{subsection.2.7.2}{\376\377\000D\000o\000p\000p\000l\000e\000r\000\040\000a\000n\000d\000\040\000N\000o\000n\000-\000t\000h\000e\000r\000m\000a\000l\000\040\000V\000e\000l\000o\000c\000i\000t\000y\000\040\000f\000r\000o\000m\000\040\000S\000p\000e\000c\000t\000r\000a}{section.2.7}% 29
\BOOKMARK [1][-]{section.2.8}{\376\377\000T\000h\000e\000\040\000s\000o\000l\000a\000r\000\040\000U\000l\000t\000r\000a\000v\000i\000o\000l\000e\000t\000\040\000I\000m\000a\000g\000i\000n\000g\000\040\000T\000e\000l\000e\000s\000c\000o\000p\000e\000\040\000\050\000S\000U\000I\000T\000\051}{chapter.2}% 30
\BOOKMARK [2][-]{subsection.2.8.1}{\376\377\000S\000U\000I\000T\000\040\000\046\000\040\000s\000o\000l\000a\000r\000\040\000F\000l\000a\000r\000e\000s}{section.2.8}% 31
\BOOKMARK [0][-]{chapter.3}{\376\377\000E\000s\000t\000i\000m\000a\000t\000i\000n\000g\000\040\000t\000h\000e\000r\000m\000a\000l\000\040\000e\000n\000e\000r\000g\000y\000\040\000o\000f\000\040\000t\000w\000o\000\040\000S\000o\000l\000a\000r\000\040\000F\000l\000a\000r\000e\000s}{}% 32
\BOOKMARK [1][-]{section.3.1}{\376\377\000I\000n\000t\000r\000o\000d\000u\000c\000t\000i\000o\000n}{chapter.3}% 33
\BOOKMARK [1][-]{section.3.2}{\376\377\000O\000b\000s\000e\000r\000v\000a\000t\000i\000o\000n\000s\000\040\000a\000n\000d\000\040\000D\000a\000t\000a\000\040\000A\000n\000a\000l\000y\000s\000i\000s}{chapter.3}% 34
\BOOKMARK [2][-]{subsection.3.2.1}{\376\377\000X\000\040\000f\000l\000a\000r\000e\000\040\000o\000n\000\040\0002\0008\000t\000h\000\040\000O\000c\000t\000o\000b\000e\000r\000,\000\040\0002\0000\0002\0001}{section.3.2}% 35
\BOOKMARK [2][-]{subsection.3.2.2}{\376\377\000M\000\040\000f\000l\000a\000r\000e\000\040\000o\000n\000\040\0002\0009\000t\000h\000\040\000N\000o\000v\000e\000m\000b\000e\000r\000,\000\040\0002\0000\0002\0000}{section.3.2}% 36
\BOOKMARK [2][-]{subsection.3.2.3}{\376\377\000T\000h\000e\000r\000m\000a\000l\000\040\000E\000n\000e\000r\000g\000y}{section.3.2}% 37
\BOOKMARK [2][-]{subsection.3.2.4}{\376\377\000E\000n\000e\000r\000g\000y\000\040\000i\000n\000\040\000t\000h\000e\000\040\000n\000o\000n\000-\000t\000h\000e\000r\000m\000a\000l\000\040\000e\000l\000e\000c\000t\000r\000o\000n\000s}{section.3.2}% 38
\BOOKMARK [1][-]{section.3.3}{\376\377\000R\000e\000s\000u\000l\000t\000s}{chapter.3}% 39
\BOOKMARK [1][-]{section.3.4}{\376\377\000S\000u\000m\000m\000a\000r\000y\000\040\000a\000n\000d\000\040\000D\000i\000s\000c\000u\000s\000s\000i\000o\000n}{chapter.3}% 40
\BOOKMARK [0][-]{chapter.4}{\376\377\000F\000o\000r\000w\000a\000r\000d\000\040\000m\000o\000d\000e\000l\000l\000i\000n\000g\000\040\000S\000U\000I\000T\000\040\000o\000b\000s\000e\000r\000v\000a\000t\000i\000o\000n\000s}{}% 41
\BOOKMARK [1][-]{section.4.1}{\376\377\000I\000n\000t\000r\000o\000d\000u\000c\000t\000i\000o\000n}{chapter.4}% 42
\BOOKMARK [1][-]{section.4.2}{\376\377\000T\000h\000e\000\040\000I\000n\000s\000t\000r\000u\000m\000e\000n\000t}{chapter.4}% 43
\BOOKMARK [2][-]{subsection.4.2.1}{\376\377\000E\000f\000f\000e\000c\000t\000i\000v\000e\000\040\000A\000r\000e\000a\000\040\000o\000f\000\040\000S\000U\000I\000T}{section.4.2}% 44
\BOOKMARK [2][-]{subsection.4.2.2}{\376\377\000T\000h\000e\000\040\000P\000o\000i\000n\000t\000\040\000S\000p\000r\000e\000a\000d\000\040\000F\000u\000n\000c\000t\000i\000o\000n\000\040\000\050\000P\000S\000F\000\051\000\040\000o\000f\000\040\000S\000U\000I\000T}{section.4.2}% 45
\BOOKMARK [1][-]{section.4.3}{\376\377\000F\000o\000r\000w\000a\000r\000d\000\040\000M\000o\000d\000e\000l\000i\000n\000g\000\040\000S\000U\000I\000T\000\040\000i\000n\000t\000e\000n\000s\000i\000t\000y\000\040\000m\000a\000p\000s\000\040\000u\000s\000i\000n\000g\000\040\000M\000P\000S\000-\000A\000T\000L\000A\000S\000\040\000a\000n\000d\000\040\000M\000U\000R\000a\000M}{chapter.4}% 46
\BOOKMARK [2][-]{subsection.4.3.1}{\376\377\000S\000U\000I\000T\000\040\000f\000i\000l\000t\000e\000r\000s\000\040\000f\000o\000r\000w\000a\000r\000d\000\040\000m\000o\000d\000e\000l\000e\000d\000\040\000w\000i\000t\000h\000\040\000M\000P\000S\000-\000A\000T\000L\000A\000S}{section.4.3}% 47
\BOOKMARK [2][-]{subsection.4.3.2}{\376\377\000N\000B\0000\0003\000\040\000\046\000\040\000N\000B\0000\0004}{section.4.3}% 48
\BOOKMARK [2][-]{subsection.4.3.3}{\376\377\000N\000B\0000\0005}{section.4.3}% 49
\BOOKMARK [1][-]{section.4.4}{\376\377\000S\000u\000m\000m\000a\000r\000y\000\040\000a\000n\000d\000\040\000C\000o\000n\000c\000l\000u\000s\000i\000o\000n\000s}{chapter.4}% 50
\BOOKMARK [0][-]{chapter.5}{\376\377\000I\000n\000t\000i\000t\000a\000l\000\040\000p\000r\000e\000p\000a\000r\000a\000t\000o\000r\000y\000\040\000a\000n\000a\000l\000y\000s\000i\000s\000\040\000f\000o\000r\000\040\000S\000U\000I\000T}{}% 51
\BOOKMARK [1][-]{section.5.1}{\376\377\000I\000n\000t\000r\000o\000d\000u\000c\000t\000i\000o\000n}{chapter.5}% 52
\BOOKMARK [1][-]{section.5.2}{\376\377\000A\000n\000a\000l\000y\000s\000i\000s\000\040\000o\000f\000\040\000S\000p\000a\000c\000e\000c\000r\000a\000f\000t\000\040\000j\000i\000t\000t\000e\000r\000\040\000s\000i\000m\000u\000l\000a\000t\000i\000o\000n\000\040\000f\000o\000r\000\040\000S\000U\000I\000T}{chapter.5}% 53
\BOOKMARK [1][-]{section.5.3}{\376\377\000T\000h\000r\000o\000u\000g\000h\000p\000u\000t\000\040\000m\000o\000d\000e\000l\000\040\000o\000f\000\040\000S\000U\000I\000T}{chapter.5}% 54
\BOOKMARK [1][-]{section.5.4}{\376\377\000C\000h\000o\000i\000c\000e\000\040\000o\000f\000\040\000S\000c\000i\000e\000n\000c\000e\000\040\000f\000i\000l\000t\000e\000r\000s\000\040\000f\000o\000r\000\040\000S\000U\000I\000T}{chapter.5}% 55
\BOOKMARK [2][-]{subsection.5.4.1}{\376\377\000E\000x\000p\000o\000s\000u\000r\000e\000\040\000T\000i\000m\000e\000\040\000C\000a\000l\000c\000u\000l\000a\000t\000i\000o\000n}{section.5.4}% 56
\BOOKMARK [2][-]{subsection.5.4.2}{\376\377\000F\000i\000l\000t\000e\000r\000\040\000C\000h\000o\000i\000c\000e\000\040\000f\000o\000r\000\040\000B\000B\0002}{section.5.4}% 57
\BOOKMARK [1][-]{section.5.5}{\376\377\000S\000t\000e\000l\000l\000a\000r\000\040\000C\000a\000l\000i\000b\000r\000a\000t\000i\000o\000n\000\040\000o\000f\000\040\000S\000U\000I\000T}{chapter.5}% 58
\BOOKMARK [2][-]{subsection.5.5.1}{\376\377\000R\000e\000q\000u\000i\000r\000e\000m\000e\000n\000t\000s\000\040\000o\000f\000\040\000t\000h\000e\000\040\000c\000a\000l\000i\000b\000r\000a\000t\000i\000o\000n\000\040\000s\000o\000u\000r\000c\000e}{section.5.5}% 59
\BOOKMARK [2][-]{subsection.5.5.2}{\376\377\000E\000x\000p\000o\000s\000u\000r\000e\000\040\000t\000i\000m\000e\000\040\000f\000o\000r\000\040\000t\000h\000e\000\040\000c\000a\000l\000i\000b\000r\000a\000t\000i\000o\000n\000\040\000s\000o\000u\000r\000c\000e\000s}{section.5.5}% 60
\BOOKMARK [2][-]{subsection.5.5.3}{\376\377\000M\000e\000t\000h\000o\000d\000\040\000f\000o\000r\000\040\000C\000a\000l\000i\000b\000r\000a\000t\000i\000o\000n}{section.5.5}% 61
\BOOKMARK [2][-]{subsection.5.5.4}{\376\377\000S\000i\000r\000i\000u\000s\000\040\000A\000\040\000a\000s\000\040\000c\000a\000l\000i\000b\000r\000a\000t\000i\000o\000n\000\040\000s\000o\000u\000r\000c\000e}{section.5.5}% 62
\BOOKMARK [1][-]{section.5.6}{\376\377\000S\000u\000m\000m\000a\000r\000y\000\040\000a\000n\000d\000\040\000D\000i\000s\000c\000u\000s\000s\000i\000o\000n}{chapter.5}% 63
\BOOKMARK [0][-]{chapter.6}{\376\377\000E\000f\000f\000e\000c\000t\000s\000\040\000o\000f\000\040\000S\000o\000l\000a\000r\000\040\000f\000l\000a\000r\000e\000s\000\040\000o\000n\000\040\000t\000h\000e\000\040\000l\000o\000c\000a\000l\000\040\000p\000l\000a\000s\000m\000a\000\040\000e\000n\000v\000i\000r\000o\000n\000m\000e\000n\000t\000\040\000f\000r\000o\000m\000\040\000M\000g\000\040\000I\000I\000\040\000o\000b\000s\000e\000r\000v\000a\000t\000i\000o\000n\000s}{}% 64
\BOOKMARK [1][-]{section.6.1}{\376\377\000I\000n\000t\000r\000o\000d\000u\000c\000t\000i\000o\000n}{chapter.6}% 65
\BOOKMARK [1][-]{section.6.2}{\376\377\000O\000b\000s\000e\000r\000v\000a\000t\000i\000o\000n\000s}{chapter.6}% 66
\BOOKMARK [1][-]{section.6.3}{\376\377\000D\000a\000t\000a\000\040\000a\000n\000a\000l\000y\000s\000i\000s\000\040\000a\000n\000d\000\040\000r\000e\000s\000u\000l\000t\000s}{chapter.6}% 67
\BOOKMARK [2][-]{subsection.6.3.1}{\376\377\000M\0003\000.\0007\000\040\000F\000l\000a\000r\000e\000\040\000O\000b\000s\000e\000r\000v\000e\000d\000\040\000o\000n\000\040\000N\000o\000v\000\040\0004\000,\000\040\0002\0000\0001\0005}{section.6.3}% 68
\BOOKMARK [2][-]{subsection.6.3.2}{\376\377\000I\000n\000v\000e\000s\000t\000i\000g\000a\000t\000i\000n\000g\000\040\000t\000h\000e\000\040\000d\000e\000p\000e\000n\000d\000e\000n\000c\000e\000\040\000o\000n\000\040\000t\000h\000e\000\040\000l\000o\000c\000a\000l\000\040\000m\000a\000g\000n\000e\000t\000i\000c\000\040\000f\000i\000e\000l\000d\000\040\000i\000n\000\040\000t\000h\000e\000\040\000M\000g\000I\000I\000\040\000l\000i\000n\000e\000s}{section.6.3}% 69
\BOOKMARK [2][-]{subsection.6.3.3}{\376\377\000X\0001\000.\0006\000\040\000F\000l\000a\000r\000e\000\040\000O\000b\000s\000e\000r\000v\000e\000d\000\040\000o\000n\000\040\000O\000c\000t\000\040\0002\0002\000,\000\040\0002\0000\0001\0004}{section.6.3}% 70
\BOOKMARK [2][-]{subsection.6.3.4}{\376\377\000C\0003\000.\0005\000\040\000F\000l\000a\000r\000e\000\040\000O\000b\000s\000e\000r\000v\000e\000d\000\040\000o\000n\000\040\000F\000e\000b\000\040\0000\0003\000,\000\040\0002\0000\0001\0005}{section.6.3}% 71
\BOOKMARK [1][-]{section.6.4}{\376\377\000S\000u\000m\000m\000a\000r\000y\000\040\000a\000n\000d\000\040\000D\000i\000s\000c\000u\000s\000s\000i\000o\000n}{chapter.6}% 72
\BOOKMARK [0][-]{chapter.7}{\376\377\000F\000i\000r\000s\000t\000\040\000f\000l\000a\000r\000e\000s\000\040\000o\000b\000s\000e\000r\000v\000e\000d\000\040\000b\000y\000\040\000S\000U\000I\000T}{}% 73
\BOOKMARK [1][-]{section.7.1}{\376\377\000I\000n\000t\000r\000o\000d\000u\000c\000t\000i\000o\000n}{chapter.7}% 74
\BOOKMARK [1][-]{section.7.2}{\376\377\000O\000b\000s\000e\000r\000v\000a\000t\000i\000o\000n\000s\000\040\000a\000n\000d\000\040\000D\000a\000t\000a}{chapter.7}% 75
\BOOKMARK [1][-]{section.7.3}{\376\377\000D\000a\000t\000a\000\040\000A\000n\000a\000l\000y\000s\000i\000s\000\040\000a\000n\000d\000\040\000r\000e\000s\000u\000l\000t\000s}{chapter.7}% 76
\BOOKMARK [1][-]{section.7.4}{\376\377\000S\000u\000m\000m\000a\000r\000y\000\040\000a\000n\000d\000\040\000D\000i\000s\000c\000u\000s\000s\000i\000o\000n}{chapter.7}% 77
\BOOKMARK [0][-]{chapter.8}{\376\377\000E\000c\000h\000o\000e\000s\000\040\000o\000f\000\040\000t\000h\000e\000\040\000S\000o\000l\000a\000r\000\040\000I\000n\000f\000e\000r\000n\000o\000:\000\040\000S\000u\000m\000m\000a\000r\000y\000\040\000a\000n\000d\000\040\000F\000u\000t\000u\000r\000e\000\040\000P\000r\000o\000s\000p\000e\000c\000t\000s}{}% 78
\BOOKMARK [0][-]{appendix.A}{\376\377\000C\000a\000l\000c\000u\000l\000a\000t\000i\000o\000n\000\040\000o\000f\000\040\000O\000s\000c\000i\000l\000l\000a\000t\000o\000r\000\040\000s\000t\000r\000e\000n\000g\000t\000h\000s\000\040\000f\000o\000r\000\040\000t\000h\000e\000\040\000M\000g\000\040\000I\000I\000\040\000k\000\040\000\046\000\040\000h\000\040\000l\000i\000n\000e\000s}{}% 79
\BOOKMARK [0][-]{appendix.B}{\376\377\000M\000o\000d\000i\000f\000i\000c\000a\000t\000i\000o\000n\000s\000\040\000o\000f\000\040\000t\000h\000e\000\040\000c\000o\000l\000d\000\040\000t\000h\000i\000c\000k\000\040\000t\000a\000r\000g\000e\000t\000\040\000m\000o\000d\000e\000l}{}% 80
